2021-05-18 10:21:01,251|[1]|WARN |c61356b53c14|Estat.Sri.Ws.Controllers.Manager.SettingsManager|Assembly 'Estat.Sri.Mapping.MappingStore, Version=8.1.2.0, Culture=neutral, PublicKeyToken=null' was requested but is not configured.|
2021-05-18 11:20:22,866|[1]|WARN |27d2583374c0|Estat.Sri.Ws.Controllers.Manager.SettingsManager|Assembly 'Estat.Sri.Mapping.MappingStore, Version=8.1.2.0, Culture=neutral, PublicKeyToken=null' was requested but is not configured.|
2021-05-18 11:23:43,928|[11]|ERROR|27d2583374c0|Estat.Sri.Ws.Retrievers.Manager.MappingStoreSettingsManager|No connection string with name MappingStoreServer could not be found. Please add at the Web.config at <connectionStrings> section a connection string with name MappingStoreServer.|
2021-05-18 11:23:44,595|[11]|ERROR|27d2583374c0|Org.Sdmxsource.Sdmx.Api.Exception.SdmxException|No structures found for the specific query|Org.Sdmxsource.Sdmx.Api.Exception.SdmxNoResultsException: No structures found for the specific query

2021-05-18 11:23:44,670|[11]|ERROR|27d2583374c0|Org.Sdmxsource.Sdmx.Api.Exception.SdmxException|Could not find requested structures|Org.Sdmxsource.Sdmx.Api.Exception.SdmxNoResultsException: Could not find requested structures

2021-05-18 11:23:44,671|[11]|ERROR|27d2583374c0|Estat.Sri.Ws.Rest.StructureResourceErrorHandler|Org.Sdmxsource.Sdmx.Api.Exception.SdmxNoResultsException: Could not find requested structures
   at Estat.Sri.Ws.Controllers.Manager.RetrieverManager.TryFactories(Func`2 tryRetrieverFactory) in /app/src/Controllers/Manager/RetrieverManager.cs:line 787
   at Estat.Sri.Ws.Controllers.Manager.RetrieverManager.ParseRequest(SdmxSchema sdmxSchema, IRestStructureQuery query) in /app/src/Controllers/Manager/RetrieverManager.cs:line 247
   at Estat.Sri.Ws.Controllers.Controller.StructureRequestController.ParseRequest(IRestStructureQuery query, IHeaderDictionary headersFromRequest, HttpContext ctx) in /app/src/Controllers/Controller/StructureRequestController.cs:line 164
   at Estat.Sri.Ws.Rest.StructureResource.ProcessRequest(String structure, String agencyId, String resourceId, String version, String filter, HttpContext ctx) in /app/src/NSIWebServices/StructureResource.cs:line 435
   at Estat.Sri.Ws.Rest.StructureResource.GetStructure(String structure, String agencyId, String resourceId, String version, String filter) in /app/src/NSIWebServices/StructureResource.cs:line 158
   at Estat.Sri.Ws.Rest.StructureResourceErrorHandler.GetStructure(String structure, String agencyId, String resourceId, String version, String filter) in /app/src/NSIWebServices/StructureResourceErrorHandler.cs:line 83|
2021-05-18 11:23:44,688|[11]|ERROR|27d2583374c0|Estat.Sri.Ws.Controllers.Builder.ServiceExceptionRestBuilder|SdmxError : No Results Found, code : 100|
2021-05-18 11:23:44,689|[11]|ERROR|27d2583374c0|Estat.Sri.Ws.Controllers.Builder.ServiceExceptionRestBuilder|Could not find requested structures|Org.Sdmxsource.Sdmx.Api.Exception.SdmxNoResultsException: Could not find requested structures
   at Estat.Sri.Ws.Controllers.Manager.RetrieverManager.TryFactories(Func`2 tryRetrieverFactory) in /app/src/Controllers/Manager/RetrieverManager.cs:line 787
   at Estat.Sri.Ws.Controllers.Manager.RetrieverManager.ParseRequest(SdmxSchema sdmxSchema, IRestStructureQuery query) in /app/src/Controllers/Manager/RetrieverManager.cs:line 247
   at Estat.Sri.Ws.Controllers.Controller.StructureRequestController.ParseRequest(IRestStructureQuery query, IHeaderDictionary headersFromRequest, HttpContext ctx) in /app/src/Controllers/Controller/StructureRequestController.cs:line 164
   at Estat.Sri.Ws.Rest.StructureResource.ProcessRequest(String structure, String agencyId, String resourceId, String version, String filter, HttpContext ctx) in /app/src/NSIWebServices/StructureResource.cs:line 435
   at Estat.Sri.Ws.Rest.StructureResource.GetStructure(String structure, String agencyId, String resourceId, String version, String filter) in /app/src/NSIWebServices/StructureResource.cs:line 158
   at Estat.Sri.Ws.Rest.StructureResourceErrorHandler.GetStructure(String structure, String agencyId, String resourceId, String version, String filter) in /app/src/NSIWebServices/StructureResourceErrorHandler.cs:line 83

2021-05-18 11:23:44,756|[11]|ERROR|27d2583374c0|NSIWebServiceCore.ErrorHandlingMiddleware|Unhandled exception|Controllers.Utils.ServiceException: Could not find requested structures
 ---> Org.Sdmxsource.Sdmx.Api.Exception.SdmxNoResultsException: Could not find requested structures
   at Estat.Sri.Ws.Controllers.Manager.RetrieverManager.TryFactories(Func`2 tryRetrieverFactory) in /app/src/Controllers/Manager/RetrieverManager.cs:line 787
   at Estat.Sri.Ws.Controllers.Manager.RetrieverManager.ParseRequest(SdmxSchema sdmxSchema, IRestStructureQuery query) in /app/src/Controllers/Manager/RetrieverManager.cs:line 247
   at Estat.Sri.Ws.Controllers.Controller.StructureRequestController.ParseRequest(IRestStructureQuery query, IHeaderDictionary headersFromRequest, HttpContext ctx) in /app/src/Controllers/Controller/StructureRequestController.cs:line 164
   at Estat.Sri.Ws.Rest.StructureResource.ProcessRequest(String structure, String agencyId, String resourceId, String version, String filter, HttpContext ctx) in /app/src/NSIWebServices/StructureResource.cs:line 435
   at Estat.Sri.Ws.Rest.StructureResource.GetStructure(String structure, String agencyId, String resourceId, String version, String filter) in /app/src/NSIWebServices/StructureResource.cs:line 158
   at Estat.Sri.Ws.Rest.StructureResourceErrorHandler.GetStructure(String structure, String agencyId, String resourceId, String version, String filter) in /app/src/NSIWebServices/StructureResourceErrorHandler.cs:line 83
   --- End of inner exception stack trace ---
   at Estat.Sri.Ws.Rest.StructureResourceErrorHandler.BuildErrorResponse(Exception e) in /app/src/NSIWebServices/StructureResourceErrorHandler.cs:line 140
   at Estat.Sri.Ws.Rest.StructureResourceErrorHandler.GetStructure(String structure, String agencyId, String resourceId, String version, String filter) in /app/src/NSIWebServices/StructureResourceErrorHandler.cs:line 87
   at Estat.Sri.Ws.NSIWebServiceCore.Controllers.StructureController.GetStructure(String structure, String agencyId, String resourceId, String version) in /app/src/NSIWebServiceCore/Controllers/StructureController.cs:line 44
   at Microsoft.Extensions.Internal.ObjectMethodExecutor.<>c__DisplayClass33_0.<WrapVoidMethod>b__0(Object target, Object[] parameters)
   at Microsoft.Extensions.Internal.ObjectMethodExecutor.Execute(Object target, Object[] parameters)
   at Microsoft.AspNetCore.Mvc.Infrastructure.ActionMethodExecutor.VoidResultExecutor.Execute(IActionResultTypeMapper mapper, ObjectMethodExecutor executor, Object controller, Object[] arguments)
   at Microsoft.AspNetCore.Mvc.Infrastructure.ControllerActionInvoker.InvokeActionMethodAsync()
   at Microsoft.AspNetCore.Mvc.Infrastructure.ControllerActionInvoker.Next(State& next, Scope& scope, Object& state, Boolean& isCompleted)
   at Microsoft.AspNetCore.Mvc.Infrastructure.ControllerActionInvoker.InvokeNextActionFilterAsync()
--- End of stack trace from previous location where exception was thrown ---
   at Microsoft.AspNetCore.Mvc.Infrastructure.ControllerActionInvoker.Rethrow(ActionExecutedContextSealed context)
   at Microsoft.AspNetCore.Mvc.Infrastructure.ControllerActionInvoker.Next(State& next, Scope& scope, Object& state, Boolean& isCompleted)
   at Microsoft.AspNetCore.Mvc.Infrastructure.ControllerActionInvoker.InvokeInnerFilterAsync()
--- End of stack trace from previous location where exception was thrown ---
   at Microsoft.AspNetCore.Mvc.Infrastructure.ResourceInvoker.<InvokeNextResourceFilter>g__Awaited|24_0(ResourceInvoker invoker, Task lastTask, State next, Scope scope, Object state, Boolean isCompleted)
   at Microsoft.AspNetCore.Mvc.Infrastructure.ResourceInvoker.Rethrow(ResourceExecutedContextSealed context)
   at Microsoft.AspNetCore.Mvc.Infrastructure.ResourceInvoker.Next(State& next, Scope& scope, Object& state, Boolean& isCompleted)
   at Microsoft.AspNetCore.Mvc.Infrastructure.ResourceInvoker.InvokeFilterPipelineAsync()
--- End of stack trace from previous location where exception was thrown ---
   at Microsoft.AspNetCore.Mvc.Infrastructure.ResourceInvoker.<InvokeAsync>g__Logged|17_1(ResourceInvoker invoker)
   at Microsoft.AspNetCore.Routing.EndpointMiddleware.<Invoke>g__AwaitRequestTask|6_0(Endpoint endpoint, Task requestTask, ILogger logger)
   at Microsoft.AspNetCore.Builder.Extensions.MapWhenMiddleware.Invoke(HttpContext context)
   at Microsoft.AspNetCore.ResponseCaching.ResponseCachingMiddleware.Invoke(HttpContext httpContext)
   at Estat.Sri.Ws.AuthorizationMiddleware.SriAuthorizationMiddleware.Invoke(HttpContext context) in /app/src/Estat.Sri.Ws.AuthorizationMiddleware/SriAuthorizationMiddleware.cs:line 47
   at Estat.Sri.Ws.LoggingOptions.LoggingOptionsMiddleware.Invoke(HttpContext context) in /app/src/Estat.Sri.Ws.LoggingOptions/LoggingOptionsMiddleware.cs:line 36
   at Microsoft.AspNetCore.Authentication.AuthenticationMiddleware.Invoke(HttpContext context)
   at Estat.Sri.Ws.CorsModule.CorsHttpModule.Invoke(HttpContext context) in /app/src/Estat.Sri.Ws.CorsModule/CorsHttpModule.cs:line 30
   at Estat.Sri.Ws.NSIWebServiceCore.LoggingMiddleware.Invoke(HttpContext context) in /app/src/NSIWebServiceCore/LoggingMiddleware.cs:line 46
   at Microsoft.AspNetCore.Diagnostics.ExceptionHandlerMiddleware.<Invoke>g__Awaited|6_0(ExceptionHandlerMiddleware middleware, HttpContext context, Task task)

2021-05-18 15:03:33,136|[32]|ERROR|27d2583374c0|Org.Sdmxsource.Sdmx.Api.Exception.SdmxException|No structures found for the specific query|Org.Sdmxsource.Sdmx.Api.Exception.SdmxNoResultsException: No structures found for the specific query

2021-05-18 15:03:33,141|[32]|ERROR|27d2583374c0|Org.Sdmxsource.Sdmx.Api.Exception.SdmxException|Could not find requested structures|Org.Sdmxsource.Sdmx.Api.Exception.SdmxNoResultsException: Could not find requested structures

2021-05-18 15:03:33,141|[32]|ERROR|27d2583374c0|Estat.Sri.Ws.Rest.StructureResourceErrorHandler|Org.Sdmxsource.Sdmx.Api.Exception.SdmxNoResultsException: Could not find requested structures
   at Estat.Sri.Ws.Controllers.Manager.RetrieverManager.TryFactories(Func`2 tryRetrieverFactory) in /app/src/Controllers/Manager/RetrieverManager.cs:line 787
   at Estat.Sri.Ws.Controllers.Manager.RetrieverManager.ParseRequest(SdmxSchema sdmxSchema, IRestStructureQuery query) in /app/src/Controllers/Manager/RetrieverManager.cs:line 247
   at Estat.Sri.Ws.Controllers.Controller.StructureRequestController.ParseRequest(IRestStructureQuery query, IHeaderDictionary headersFromRequest, HttpContext ctx) in /app/src/Controllers/Controller/StructureRequestController.cs:line 164
   at Estat.Sri.Ws.Rest.StructureResource.ProcessRequest(String structure, String agencyId, String resourceId, String version, String filter, HttpContext ctx) in /app/src/NSIWebServices/StructureResource.cs:line 435
   at Estat.Sri.Ws.Rest.StructureResource.GetStructure(String structure, String agencyId, String resourceId, String version, String filter) in /app/src/NSIWebServices/StructureResource.cs:line 158
   at Estat.Sri.Ws.Rest.StructureResourceErrorHandler.GetStructure(String structure, String agencyId, String resourceId, String version, String filter) in /app/src/NSIWebServices/StructureResourceErrorHandler.cs:line 83|
2021-05-18 15:03:33,143|[32]|ERROR|27d2583374c0|Estat.Sri.Ws.Controllers.Builder.ServiceExceptionRestBuilder|SdmxError : No Results Found, code : 100|
2021-05-18 15:03:33,143|[32]|ERROR|27d2583374c0|Estat.Sri.Ws.Controllers.Builder.ServiceExceptionRestBuilder|Could not find requested structures|Org.Sdmxsource.Sdmx.Api.Exception.SdmxNoResultsException: Could not find requested structures
   at Estat.Sri.Ws.Controllers.Manager.RetrieverManager.TryFactories(Func`2 tryRetrieverFactory) in /app/src/Controllers/Manager/RetrieverManager.cs:line 787
   at Estat.Sri.Ws.Controllers.Manager.RetrieverManager.ParseRequest(SdmxSchema sdmxSchema, IRestStructureQuery query) in /app/src/Controllers/Manager/RetrieverManager.cs:line 247
   at Estat.Sri.Ws.Controllers.Controller.StructureRequestController.ParseRequest(IRestStructureQuery query, IHeaderDictionary headersFromRequest, HttpContext ctx) in /app/src/Controllers/Controller/StructureRequestController.cs:line 164
   at Estat.Sri.Ws.Rest.StructureResource.ProcessRequest(String structure, String agencyId, String resourceId, String version, String filter, HttpContext ctx) in /app/src/NSIWebServices/StructureResource.cs:line 435
   at Estat.Sri.Ws.Rest.StructureResource.GetStructure(String structure, String agencyId, String resourceId, String version, String filter) in /app/src/NSIWebServices/StructureResource.cs:line 158
   at Estat.Sri.Ws.Rest.StructureResourceErrorHandler.GetStructure(String structure, String agencyId, String resourceId, String version, String filter) in /app/src/NSIWebServices/StructureResourceErrorHandler.cs:line 83

2021-05-18 15:03:33,150|[32]|ERROR|27d2583374c0|NSIWebServiceCore.ErrorHandlingMiddleware|Unhandled exception|Controllers.Utils.ServiceException: Could not find requested structures
 ---> Org.Sdmxsource.Sdmx.Api.Exception.SdmxNoResultsException: Could not find requested structures
   at Estat.Sri.Ws.Controllers.Manager.RetrieverManager.TryFactories(Func`2 tryRetrieverFactory) in /app/src/Controllers/Manager/RetrieverManager.cs:line 787
   at Estat.Sri.Ws.Controllers.Manager.RetrieverManager.ParseRequest(SdmxSchema sdmxSchema, IRestStructureQuery query) in /app/src/Controllers/Manager/RetrieverManager.cs:line 247
   at Estat.Sri.Ws.Controllers.Controller.StructureRequestController.ParseRequest(IRestStructureQuery query, IHeaderDictionary headersFromRequest, HttpContext ctx) in /app/src/Controllers/Controller/StructureRequestController.cs:line 164
   at Estat.Sri.Ws.Rest.StructureResource.ProcessRequest(String structure, String agencyId, String resourceId, String version, String filter, HttpContext ctx) in /app/src/NSIWebServices/StructureResource.cs:line 435
   at Estat.Sri.Ws.Rest.StructureResource.GetStructure(String structure, String agencyId, String resourceId, String version, String filter) in /app/src/NSIWebServices/StructureResource.cs:line 158
   at Estat.Sri.Ws.Rest.StructureResourceErrorHandler.GetStructure(String structure, String agencyId, String resourceId, String version, String filter) in /app/src/NSIWebServices/StructureResourceErrorHandler.cs:line 83
   --- End of inner exception stack trace ---
   at Estat.Sri.Ws.Rest.StructureResourceErrorHandler.BuildErrorResponse(Exception e) in /app/src/NSIWebServices/StructureResourceErrorHandler.cs:line 140
   at Estat.Sri.Ws.Rest.StructureResourceErrorHandler.GetStructure(String structure, String agencyId, String resourceId, String version, String filter) in /app/src/NSIWebServices/StructureResourceErrorHandler.cs:line 87
   at Estat.Sri.Ws.NSIWebServiceCore.Controllers.StructureController.GetStructure(String structure, String agencyId, String resourceId, String version) in /app/src/NSIWebServiceCore/Controllers/StructureController.cs:line 44
   at Microsoft.Extensions.Internal.ObjectMethodExecutor.<>c__DisplayClass33_0.<WrapVoidMethod>b__0(Object target, Object[] parameters)
   at Microsoft.Extensions.Internal.ObjectMethodExecutor.Execute(Object target, Object[] parameters)
   at Microsoft.AspNetCore.Mvc.Infrastructure.ActionMethodExecutor.VoidResultExecutor.Execute(IActionResultTypeMapper mapper, ObjectMethodExecutor executor, Object controller, Object[] arguments)
   at Microsoft.AspNetCore.Mvc.Infrastructure.ControllerActionInvoker.InvokeActionMethodAsync()
   at Microsoft.AspNetCore.Mvc.Infrastructure.ControllerActionInvoker.Next(State& next, Scope& scope, Object& state, Boolean& isCompleted)
   at Microsoft.AspNetCore.Mvc.Infrastructure.ControllerActionInvoker.InvokeNextActionFilterAsync()
--- End of stack trace from previous location where exception was thrown ---
   at Microsoft.AspNetCore.Mvc.Infrastructure.ControllerActionInvoker.Rethrow(ActionExecutedContextSealed context)
   at Microsoft.AspNetCore.Mvc.Infrastructure.ControllerActionInvoker.Next(State& next, Scope& scope, Object& state, Boolean& isCompleted)
   at Microsoft.AspNetCore.Mvc.Infrastructure.ControllerActionInvoker.InvokeInnerFilterAsync()
--- End of stack trace from previous location where exception was thrown ---
   at Microsoft.AspNetCore.Mvc.Infrastructure.ResourceInvoker.<InvokeNextResourceFilter>g__Awaited|24_0(ResourceInvoker invoker, Task lastTask, State next, Scope scope, Object state, Boolean isCompleted)
   at Microsoft.AspNetCore.Mvc.Infrastructure.ResourceInvoker.Rethrow(ResourceExecutedContextSealed context)
   at Microsoft.AspNetCore.Mvc.Infrastructure.ResourceInvoker.Next(State& next, Scope& scope, Object& state, Boolean& isCompleted)
   at Microsoft.AspNetCore.Mvc.Infrastructure.ResourceInvoker.InvokeFilterPipelineAsync()
--- End of stack trace from previous location where exception was thrown ---
   at Microsoft.AspNetCore.Mvc.Infrastructure.ResourceInvoker.<InvokeAsync>g__Logged|17_1(ResourceInvoker invoker)
   at Microsoft.AspNetCore.Routing.EndpointMiddleware.<Invoke>g__AwaitRequestTask|6_0(Endpoint endpoint, Task requestTask, ILogger logger)
   at Microsoft.AspNetCore.Builder.Extensions.MapWhenMiddleware.Invoke(HttpContext context)
   at Microsoft.AspNetCore.ResponseCaching.ResponseCachingMiddleware.Invoke(HttpContext httpContext)
   at Estat.Sri.Ws.AuthorizationMiddleware.SriAuthorizationMiddleware.Invoke(HttpContext context) in /app/src/Estat.Sri.Ws.AuthorizationMiddleware/SriAuthorizationMiddleware.cs:line 47
   at Estat.Sri.Ws.LoggingOptions.LoggingOptionsMiddleware.Invoke(HttpContext context) in /app/src/Estat.Sri.Ws.LoggingOptions/LoggingOptionsMiddleware.cs:line 36
   at Microsoft.AspNetCore.Authentication.AuthenticationMiddleware.Invoke(HttpContext context)
   at Estat.Sri.Ws.CorsModule.CorsHttpModule.Invoke(HttpContext context) in /app/src/Estat.Sri.Ws.CorsModule/CorsHttpModule.cs:line 30
   at Estat.Sri.Ws.NSIWebServiceCore.LoggingMiddleware.Invoke(HttpContext context) in /app/src/NSIWebServiceCore/LoggingMiddleware.cs:line 46
   at Microsoft.AspNetCore.Diagnostics.ExceptionHandlerMiddleware.<Invoke>g__Awaited|6_0(ExceptionHandlerMiddleware middleware, HttpContext context, Task task)

2021-05-18 15:03:37,843|[35]|ERROR|27d2583374c0|Org.Sdmxsource.Sdmx.Api.Exception.SdmxException|No structures found for the specific query|Org.Sdmxsource.Sdmx.Api.Exception.SdmxNoResultsException: No structures found for the specific query

2021-05-18 15:03:37,844|[35]|ERROR|27d2583374c0|Org.Sdmxsource.Sdmx.Api.Exception.SdmxException|Could not find requested structures|Org.Sdmxsource.Sdmx.Api.Exception.SdmxNoResultsException: Could not find requested structures

2021-05-18 15:03:37,845|[35]|ERROR|27d2583374c0|Estat.Sri.Ws.Rest.StructureResourceErrorHandler|Org.Sdmxsource.Sdmx.Api.Exception.SdmxNoResultsException: Could not find requested structures
   at Estat.Sri.Ws.Controllers.Manager.RetrieverManager.TryFactories(Func`2 tryRetrieverFactory) in /app/src/Controllers/Manager/RetrieverManager.cs:line 787
   at Estat.Sri.Ws.Controllers.Manager.RetrieverManager.ParseRequest(SdmxSchema sdmxSchema, IRestStructureQuery query) in /app/src/Controllers/Manager/RetrieverManager.cs:line 247
   at Estat.Sri.Ws.Controllers.Controller.StructureRequestController.ParseRequest(IRestStructureQuery query, IHeaderDictionary headersFromRequest, HttpContext ctx) in /app/src/Controllers/Controller/StructureRequestController.cs:line 164
   at Estat.Sri.Ws.Rest.StructureResource.ProcessRequest(String structure, String agencyId, String resourceId, String version, String filter, HttpContext ctx) in /app/src/NSIWebServices/StructureResource.cs:line 435
   at Estat.Sri.Ws.Rest.StructureResource.GetStructure(String structure, String agencyId, String resourceId, String version, String filter) in /app/src/NSIWebServices/StructureResource.cs:line 158
   at Estat.Sri.Ws.Rest.StructureResourceErrorHandler.GetStructure(String structure, String agencyId, String resourceId, String version, String filter) in /app/src/NSIWebServices/StructureResourceErrorHandler.cs:line 83|
2021-05-18 15:03:37,845|[35]|ERROR|27d2583374c0|Estat.Sri.Ws.Controllers.Builder.ServiceExceptionRestBuilder|SdmxError : No Results Found, code : 100|
2021-05-18 15:03:37,845|[35]|ERROR|27d2583374c0|Estat.Sri.Ws.Controllers.Builder.ServiceExceptionRestBuilder|Could not find requested structures|Org.Sdmxsource.Sdmx.Api.Exception.SdmxNoResultsException: Could not find requested structures
   at Estat.Sri.Ws.Controllers.Manager.RetrieverManager.TryFactories(Func`2 tryRetrieverFactory) in /app/src/Controllers/Manager/RetrieverManager.cs:line 787
   at Estat.Sri.Ws.Controllers.Manager.RetrieverManager.ParseRequest(SdmxSchema sdmxSchema, IRestStructureQuery query) in /app/src/Controllers/Manager/RetrieverManager.cs:line 247
   at Estat.Sri.Ws.Controllers.Controller.StructureRequestController.ParseRequest(IRestStructureQuery query, IHeaderDictionary headersFromRequest, HttpContext ctx) in /app/src/Controllers/Controller/StructureRequestController.cs:line 164
   at Estat.Sri.Ws.Rest.StructureResource.ProcessRequest(String structure, String agencyId, String resourceId, String version, String filter, HttpContext ctx) in /app/src/NSIWebServices/StructureResource.cs:line 435
   at Estat.Sri.Ws.Rest.StructureResource.GetStructure(String structure, String agencyId, String resourceId, String version, String filter) in /app/src/NSIWebServices/StructureResource.cs:line 158
   at Estat.Sri.Ws.Rest.StructureResourceErrorHandler.GetStructure(String structure, String agencyId, String resourceId, String version, String filter) in /app/src/NSIWebServices/StructureResourceErrorHandler.cs:line 83

2021-05-18 15:03:37,848|[35]|ERROR|27d2583374c0|NSIWebServiceCore.ErrorHandlingMiddleware|Unhandled exception|Controllers.Utils.ServiceException: Could not find requested structures
 ---> Org.Sdmxsource.Sdmx.Api.Exception.SdmxNoResultsException: Could not find requested structures
   at Estat.Sri.Ws.Controllers.Manager.RetrieverManager.TryFactories(Func`2 tryRetrieverFactory) in /app/src/Controllers/Manager/RetrieverManager.cs:line 787
   at Estat.Sri.Ws.Controllers.Manager.RetrieverManager.ParseRequest(SdmxSchema sdmxSchema, IRestStructureQuery query) in /app/src/Controllers/Manager/RetrieverManager.cs:line 247
   at Estat.Sri.Ws.Controllers.Controller.StructureRequestController.ParseRequest(IRestStructureQuery query, IHeaderDictionary headersFromRequest, HttpContext ctx) in /app/src/Controllers/Controller/StructureRequestController.cs:line 164
   at Estat.Sri.Ws.Rest.StructureResource.ProcessRequest(String structure, String agencyId, String resourceId, String version, String filter, HttpContext ctx) in /app/src/NSIWebServices/StructureResource.cs:line 435
   at Estat.Sri.Ws.Rest.StructureResource.GetStructure(String structure, String agencyId, String resourceId, String version, String filter) in /app/src/NSIWebServices/StructureResource.cs:line 158
   at Estat.Sri.Ws.Rest.StructureResourceErrorHandler.GetStructure(String structure, String agencyId, String resourceId, String version, String filter) in /app/src/NSIWebServices/StructureResourceErrorHandler.cs:line 83
   --- End of inner exception stack trace ---
   at Estat.Sri.Ws.Rest.StructureResourceErrorHandler.BuildErrorResponse(Exception e) in /app/src/NSIWebServices/StructureResourceErrorHandler.cs:line 140
   at Estat.Sri.Ws.Rest.StructureResourceErrorHandler.GetStructure(String structure, String agencyId, String resourceId, String version, String filter) in /app/src/NSIWebServices/StructureResourceErrorHandler.cs:line 87
   at Estat.Sri.Ws.NSIWebServiceCore.Controllers.StructureController.GetStructure(String structure, String agencyId, String resourceId, String version) in /app/src/NSIWebServiceCore/Controllers/StructureController.cs:line 44
   at Microsoft.Extensions.Internal.ObjectMethodExecutor.<>c__DisplayClass33_0.<WrapVoidMethod>b__0(Object target, Object[] parameters)
   at Microsoft.Extensions.Internal.ObjectMethodExecutor.Execute(Object target, Object[] parameters)
   at Microsoft.AspNetCore.Mvc.Infrastructure.ActionMethodExecutor.VoidResultExecutor.Execute(IActionResultTypeMapper mapper, ObjectMethodExecutor executor, Object controller, Object[] arguments)
   at Microsoft.AspNetCore.Mvc.Infrastructure.ControllerActionInvoker.InvokeActionMethodAsync()
   at Microsoft.AspNetCore.Mvc.Infrastructure.ControllerActionInvoker.Next(State& next, Scope& scope, Object& state, Boolean& isCompleted)
   at Microsoft.AspNetCore.Mvc.Infrastructure.ControllerActionInvoker.InvokeNextActionFilterAsync()
--- End of stack trace from previous location where exception was thrown ---
   at Microsoft.AspNetCore.Mvc.Infrastructure.ControllerActionInvoker.Rethrow(ActionExecutedContextSealed context)
   at Microsoft.AspNetCore.Mvc.Infrastructure.ControllerActionInvoker.Next(State& next, Scope& scope, Object& state, Boolean& isCompleted)
   at Microsoft.AspNetCore.Mvc.Infrastructure.ControllerActionInvoker.InvokeInnerFilterAsync()
--- End of stack trace from previous location where exception was thrown ---
   at Microsoft.AspNetCore.Mvc.Infrastructure.ResourceInvoker.<InvokeNextResourceFilter>g__Awaited|24_0(ResourceInvoker invoker, Task lastTask, State next, Scope scope, Object state, Boolean isCompleted)
   at Microsoft.AspNetCore.Mvc.Infrastructure.ResourceInvoker.Rethrow(ResourceExecutedContextSealed context)
   at Microsoft.AspNetCore.Mvc.Infrastructure.ResourceInvoker.Next(State& next, Scope& scope, Object& state, Boolean& isCompleted)
   at Microsoft.AspNetCore.Mvc.Infrastructure.ResourceInvoker.InvokeFilterPipelineAsync()
--- End of stack trace from previous location where exception was thrown ---
   at Microsoft.AspNetCore.Mvc.Infrastructure.ResourceInvoker.<InvokeAsync>g__Logged|17_1(ResourceInvoker invoker)
   at Microsoft.AspNetCore.Routing.EndpointMiddleware.<Invoke>g__AwaitRequestTask|6_0(Endpoint endpoint, Task requestTask, ILogger logger)
   at Microsoft.AspNetCore.Builder.Extensions.MapWhenMiddleware.Invoke(HttpContext context)
   at Microsoft.AspNetCore.ResponseCaching.ResponseCachingMiddleware.Invoke(HttpContext httpContext)
   at Estat.Sri.Ws.AuthorizationMiddleware.SriAuthorizationMiddleware.Invoke(HttpContext context) in /app/src/Estat.Sri.Ws.AuthorizationMiddleware/SriAuthorizationMiddleware.cs:line 47
   at Estat.Sri.Ws.LoggingOptions.LoggingOptionsMiddleware.Invoke(HttpContext context) in /app/src/Estat.Sri.Ws.LoggingOptions/LoggingOptionsMiddleware.cs:line 36
   at Microsoft.AspNetCore.Authentication.AuthenticationMiddleware.Invoke(HttpContext context)
   at Estat.Sri.Ws.CorsModule.CorsHttpModule.Invoke(HttpContext context) in /app/src/Estat.Sri.Ws.CorsModule/CorsHttpModule.cs:line 30
   at Estat.Sri.Ws.NSIWebServiceCore.LoggingMiddleware.Invoke(HttpContext context) in /app/src/NSIWebServiceCore/LoggingMiddleware.cs:line 46
   at Microsoft.AspNetCore.Diagnostics.ExceptionHandlerMiddleware.<Invoke>g__Awaited|6_0(ExceptionHandlerMiddleware middleware, HttpContext context, Task task)

2021-05-18 15:03:45,241|[32]|ERROR|27d2583374c0|Org.Sdmxsource.Sdmx.Api.Exception.SdmxException|No structures found for the specific query|Org.Sdmxsource.Sdmx.Api.Exception.SdmxNoResultsException: No structures found for the specific query

2021-05-18 15:03:45,241|[32]|ERROR|27d2583374c0|Org.Sdmxsource.Sdmx.Api.Exception.SdmxException|Could not find requested structures|Org.Sdmxsource.Sdmx.Api.Exception.SdmxNoResultsException: Could not find requested structures

2021-05-18 15:03:45,241|[32]|ERROR|27d2583374c0|Estat.Sri.Ws.Rest.StructureResourceErrorHandler|Org.Sdmxsource.Sdmx.Api.Exception.SdmxNoResultsException: Could not find requested structures
   at Estat.Sri.Ws.Controllers.Manager.RetrieverManager.TryFactories(Func`2 tryRetrieverFactory) in /app/src/Controllers/Manager/RetrieverManager.cs:line 787
   at Estat.Sri.Ws.Controllers.Manager.RetrieverManager.ParseRequest(SdmxSchema sdmxSchema, IRestStructureQuery query) in /app/src/Controllers/Manager/RetrieverManager.cs:line 247
   at Estat.Sri.Ws.Controllers.Controller.StructureRequestController.ParseRequest(IRestStructureQuery query, IHeaderDictionary headersFromRequest, HttpContext ctx) in /app/src/Controllers/Controller/StructureRequestController.cs:line 164
   at Estat.Sri.Ws.Rest.StructureResource.ProcessRequest(String structure, String agencyId, String resourceId, String version, String filter, HttpContext ctx) in /app/src/NSIWebServices/StructureResource.cs:line 435
   at Estat.Sri.Ws.Rest.StructureResource.GetStructure(String structure, String agencyId, String resourceId, String version, String filter) in /app/src/NSIWebServices/StructureResource.cs:line 158
   at Estat.Sri.Ws.Rest.StructureResourceErrorHandler.GetStructure(String structure, String agencyId, String resourceId, String version, String filter) in /app/src/NSIWebServices/StructureResourceErrorHandler.cs:line 83|
2021-05-18 15:03:45,242|[32]|ERROR|27d2583374c0|Estat.Sri.Ws.Controllers.Builder.ServiceExceptionRestBuilder|SdmxError : No Results Found, code : 100|
2021-05-18 15:03:45,242|[32]|ERROR|27d2583374c0|Estat.Sri.Ws.Controllers.Builder.ServiceExceptionRestBuilder|Could not find requested structures|Org.Sdmxsource.Sdmx.Api.Exception.SdmxNoResultsException: Could not find requested structures
   at Estat.Sri.Ws.Controllers.Manager.RetrieverManager.TryFactories(Func`2 tryRetrieverFactory) in /app/src/Controllers/Manager/RetrieverManager.cs:line 787
   at Estat.Sri.Ws.Controllers.Manager.RetrieverManager.ParseRequest(SdmxSchema sdmxSchema, IRestStructureQuery query) in /app/src/Controllers/Manager/RetrieverManager.cs:line 247
   at Estat.Sri.Ws.Controllers.Controller.StructureRequestController.ParseRequest(IRestStructureQuery query, IHeaderDictionary headersFromRequest, HttpContext ctx) in /app/src/Controllers/Controller/StructureRequestController.cs:line 164
   at Estat.Sri.Ws.Rest.StructureResource.ProcessRequest(String structure, String agencyId, String resourceId, String version, String filter, HttpContext ctx) in /app/src/NSIWebServices/StructureResource.cs:line 435
   at Estat.Sri.Ws.Rest.StructureResource.GetStructure(String structure, String agencyId, String resourceId, String version, String filter) in /app/src/NSIWebServices/StructureResource.cs:line 158
   at Estat.Sri.Ws.Rest.StructureResourceErrorHandler.GetStructure(String structure, String agencyId, String resourceId, String version, String filter) in /app/src/NSIWebServices/StructureResourceErrorHandler.cs:line 83

2021-05-18 15:03:45,244|[32]|ERROR|27d2583374c0|NSIWebServiceCore.ErrorHandlingMiddleware|Unhandled exception|Controllers.Utils.ServiceException: Could not find requested structures
 ---> Org.Sdmxsource.Sdmx.Api.Exception.SdmxNoResultsException: Could not find requested structures
   at Estat.Sri.Ws.Controllers.Manager.RetrieverManager.TryFactories(Func`2 tryRetrieverFactory) in /app/src/Controllers/Manager/RetrieverManager.cs:line 787
   at Estat.Sri.Ws.Controllers.Manager.RetrieverManager.ParseRequest(SdmxSchema sdmxSchema, IRestStructureQuery query) in /app/src/Controllers/Manager/RetrieverManager.cs:line 247
   at Estat.Sri.Ws.Controllers.Controller.StructureRequestController.ParseRequest(IRestStructureQuery query, IHeaderDictionary headersFromRequest, HttpContext ctx) in /app/src/Controllers/Controller/StructureRequestController.cs:line 164
   at Estat.Sri.Ws.Rest.StructureResource.ProcessRequest(String structure, String agencyId, String resourceId, String version, String filter, HttpContext ctx) in /app/src/NSIWebServices/StructureResource.cs:line 435
   at Estat.Sri.Ws.Rest.StructureResource.GetStructure(String structure, String agencyId, String resourceId, String version, String filter) in /app/src/NSIWebServices/StructureResource.cs:line 158
   at Estat.Sri.Ws.Rest.StructureResourceErrorHandler.GetStructure(String structure, String agencyId, String resourceId, String version, String filter) in /app/src/NSIWebServices/StructureResourceErrorHandler.cs:line 83
   --- End of inner exception stack trace ---
   at Estat.Sri.Ws.Rest.StructureResourceErrorHandler.BuildErrorResponse(Exception e) in /app/src/NSIWebServices/StructureResourceErrorHandler.cs:line 140
   at Estat.Sri.Ws.Rest.StructureResourceErrorHandler.GetStructure(String structure, String agencyId, String resourceId, String version, String filter) in /app/src/NSIWebServices/StructureResourceErrorHandler.cs:line 87
   at Estat.Sri.Ws.NSIWebServiceCore.Controllers.StructureController.GetStructure(String structure, String agencyId, String resourceId, String version) in /app/src/NSIWebServiceCore/Controllers/StructureController.cs:line 44
   at Microsoft.Extensions.Internal.ObjectMethodExecutor.<>c__DisplayClass33_0.<WrapVoidMethod>b__0(Object target, Object[] parameters)
   at Microsoft.Extensions.Internal.ObjectMethodExecutor.Execute(Object target, Object[] parameters)
   at Microsoft.AspNetCore.Mvc.Infrastructure.ActionMethodExecutor.VoidResultExecutor.Execute(IActionResultTypeMapper mapper, ObjectMethodExecutor executor, Object controller, Object[] arguments)
   at Microsoft.AspNetCore.Mvc.Infrastructure.ControllerActionInvoker.InvokeActionMethodAsync()
   at Microsoft.AspNetCore.Mvc.Infrastructure.ControllerActionInvoker.Next(State& next, Scope& scope, Object& state, Boolean& isCompleted)
   at Microsoft.AspNetCore.Mvc.Infrastructure.ControllerActionInvoker.InvokeNextActionFilterAsync()
--- End of stack trace from previous location where exception was thrown ---
   at Microsoft.AspNetCore.Mvc.Infrastructure.ControllerActionInvoker.Rethrow(ActionExecutedContextSealed context)
   at Microsoft.AspNetCore.Mvc.Infrastructure.ControllerActionInvoker.Next(State& next, Scope& scope, Object& state, Boolean& isCompleted)
   at Microsoft.AspNetCore.Mvc.Infrastructure.ControllerActionInvoker.InvokeInnerFilterAsync()
--- End of stack trace from previous location where exception was thrown ---
   at Microsoft.AspNetCore.Mvc.Infrastructure.ResourceInvoker.<InvokeNextResourceFilter>g__Awaited|24_0(ResourceInvoker invoker, Task lastTask, State next, Scope scope, Object state, Boolean isCompleted)
   at Microsoft.AspNetCore.Mvc.Infrastructure.ResourceInvoker.Rethrow(ResourceExecutedContextSealed context)
   at Microsoft.AspNetCore.Mvc.Infrastructure.ResourceInvoker.Next(State& next, Scope& scope, Object& state, Boolean& isCompleted)
   at Microsoft.AspNetCore.Mvc.Infrastructure.ResourceInvoker.InvokeFilterPipelineAsync()
--- End of stack trace from previous location where exception was thrown ---
   at Microsoft.AspNetCore.Mvc.Infrastructure.ResourceInvoker.<InvokeAsync>g__Logged|17_1(ResourceInvoker invoker)
   at Microsoft.AspNetCore.Routing.EndpointMiddleware.<Invoke>g__AwaitRequestTask|6_0(Endpoint endpoint, Task requestTask, ILogger logger)
   at Microsoft.AspNetCore.Builder.Extensions.MapWhenMiddleware.Invoke(HttpContext context)
   at Microsoft.AspNetCore.ResponseCaching.ResponseCachingMiddleware.Invoke(HttpContext httpContext)
   at Estat.Sri.Ws.AuthorizationMiddleware.SriAuthorizationMiddleware.Invoke(HttpContext context) in /app/src/Estat.Sri.Ws.AuthorizationMiddleware/SriAuthorizationMiddleware.cs:line 47
   at Estat.Sri.Ws.LoggingOptions.LoggingOptionsMiddleware.Invoke(HttpContext context) in /app/src/Estat.Sri.Ws.LoggingOptions/LoggingOptionsMiddleware.cs:line 36
   at Microsoft.AspNetCore.Authentication.AuthenticationMiddleware.Invoke(HttpContext context)
   at Estat.Sri.Ws.CorsModule.CorsHttpModule.Invoke(HttpContext context) in /app/src/Estat.Sri.Ws.CorsModule/CorsHttpModule.cs:line 30
   at Estat.Sri.Ws.NSIWebServiceCore.LoggingMiddleware.Invoke(HttpContext context) in /app/src/NSIWebServiceCore/LoggingMiddleware.cs:line 46
   at Microsoft.AspNetCore.Diagnostics.ExceptionHandlerMiddleware.<Invoke>g__Awaited|6_0(ExceptionHandlerMiddleware middleware, HttpContext context, Task task)

